<?xml version="1.0" encoding="UTF-8"?>
<testsuite name="Tests" tests="1" skipped="0" failures="0" errors="0" timestamp="2021-02-02T04:56:45" hostname="Oyundaris-MacBook-Pro.local" time="0.005">
  <properties/>
  <testcase name="testSolution" classname="Tests" time="0.005"/>
  <system-out><![CDATA[]]></system-out>
  <system-err><![CDATA[]]></system-err>
</testsuite>
